KT3D ESTIMATES WITH:  DataSet					                                              
 2   25   30    1  .10000000      .10000000      .00000000      10.0000      10.0000      1.00000       1
Estimate
EstimationVariance
 1.7789170      8.4435860    
 1.0466490      6.2976250    
 .90198350      7.1838410    
 1.0253700      7.0483740    
 1.9487320      6.5168590    
 4.1690620      6.2742140    
 4.9154560      5.6373330    
 3.7318580      6.1602490    
 3.4114590      7.0230820    
 3.3162130      6.9890450    
 2.9562480      7.2153630    
 2.9955990      6.8511970    
 3.5374890      7.3789490    
 4.0841160      6.3783450    
 3.3349780      7.0484710    
 2.8001040      5.7545790    
 3.0242000      7.2161300    
 3.5638710      5.7773650    
 3.1192250      7.4948760    
 2.9977350      7.0287610    
 2.7562370      7.4020300    
 3.2844560      7.0070440    
 5.2749100      5.5517700    
 5.0602570      6.1029230    
 3.2139630      5.5183990    
 1.4494390      7.8843220    
 .19297530      2.2196190    
 .49453850      6.8345320    
 .39422770      2.0381000    
 1.1938460      1.1939090    
 6.3511340      1.5433120    
 4.5829290      2.1383430    
 4.0596270      1.5981930    
 3.9550420      5.8068030    
 3.7354130      2.0152930    
 3.1377720      6.4342770    
 3.8576850      1.7808990    
 3.7235470      6.7503210    
 5.2843300      1.4702230    
 2.8439750      6.2115000    
 2.7118060      3.7611820    
 3.3172580      6.3490970    
 3.8798950      3.7923620    
 2.9863510      6.9064020    
 3.4019640      1.2137580    
 2.7850930      6.7603940    
 3.5559920      2.0380860    
 7.0063810      2.2360500    
 6.2363460      1.4568560    
 2.7168520      2.5631720    
 1.1905930      7.4932630    
 .41719100      5.6951600    
 .43798830      6.6060120    
 .74178800      4.8632320    
 1.2242680      1.8905460    
 1.9819090      2.0221390    
 .70185080      1.7521890    
 .95353280      1.1724750    
 5.3803340      2.7076720    
 3.3771930      4.9259690    
 3.4711280      6.0774410    
 3.6913550      5.6459840    
 3.4381770      6.4554060    
 2.7018210      5.9959840    
 2.2546820      6.2458330    
 2.8888500      5.6062710    
 3.2874620      6.4687400    
 2.9121170      5.9199990    
 2.6509600      6.3992710    
 2.5740770      5.0596110    
 2.8144810      6.3422780    
 2.7675900      3.7812500    
 7.7504330      3.0150190    
 4.9254160      2.1113160    
 3.4545380      2.9037380    
 1.0246280      7.0108790    
 .35704460      2.9386400    
 1.2242910      6.4013050    
 1.0003700      2.3020210    
 1.6010770      5.4731870    
 1.0658740      2.2733990    
 2.2519990      1.3540440    
 5.9521270      1.5187240    
 6.9682690      2.7062630    
 1.7972420      1.5098790    
 4.5616710      5.2888130    
 2.3610640      1.9527310    
 2.6571080      6.4398610    
 .70572780      2.0128040    
 1.9380460      6.1242400    
 3.1927620      2.3330730    
 3.1118830      6.5761220    
 2.0519600      1.6426720    
 2.2544300      6.4028410    
 2.1385650      2.2093620    
 2.6548440      6.2139370    
 4.6778040      1.8019150    
 5.3491650      5.8497750    
 4.2610750      2.2104570    
 2.8451540      6.1192280    
 1.3732360      7.0381540    
 1.4992940      5.1474030    
 1.8844540      6.3106780    
 2.3912810      5.7259410    
 2.6106460      6.2042120    
 1.5121000      5.2027070    
 .87276910      1.9048410    
 4.8792420      1.1556160    
 5.5845820      2.2083870    
 4.4690560      2.2588720    
 6.0585290      1.9400700    
 3.0576500      4.6438860    
 2.0884170      6.5578960    
 .97488930      4.8105770    
 2.0856670      6.3148650    
 3.0724530      5.5952190    
 3.1212600      6.4594540    
 2.4685990      5.3403090    
 1.8065780      6.5508590    
 1.6617180      5.4621490    
 2.2311800      6.2186530    
 3.8456530      5.5280370    
 4.2932470      6.2905450    
 3.3654480      5.7441950    
 2.7484280      6.3214160    
 1.9698360      7.0449900    
 2.4404770      2.9216530    
 3.1228780      5.5344570    
 3.7041000      2.7180670    
 3.7997310      5.8349020    
 1.5597900      2.1312000    
 1.7697160      5.4545510    
 2.8454820      1.1520060    
 6.5155910      1.3436680    
 6.6441140      1.2927660    
 1.0457800      2.1261600    
 3.4649560      3.2991990    
 2.0032430      6.5339050    
 1.1591980      2.3017000    
 2.7492990      6.5045710    
 3.3913010      1.4683260    
 3.1640500      6.2823530    
 2.4989250      2.3317050    
 1.1478340      6.6580080    
 .66529880      2.2126570    
 2.0018430      6.4150190    
 3.0320810      1.6408510    
 3.5414770      6.4189510    
 2.9546290      .58701500    
 3.0059900      6.2731680    
 2.4303360      7.1747630    
 3.5965680      5.2145190    
 3.5518900      2.4890470    
 7.9468720      2.0519890    
 3.4062260      1.4654690    
 2.1386800      4.7323460    
 2.8151590      6.0819210    
 3.8752250      4.9293170    
 .86484770      1.3606110    
 7.7120130      1.9024320    
 .27314710      .57872940    
 2.7330270      5.1472440    
 2.3723130      6.4908870    
 2.6092100      5.7273200    
 3.3468270      6.6199310    
 4.0163070      5.6620420    
 3.1117210      6.1886000    
 1.4258920      5.4470340    
 1.0519090      6.6988390    
 .66186090      5.5827310    
 2.0237800      6.3077950    
 3.1601610      5.5952130    
 3.2984970      6.3519410    
 2.7947940      5.6907110    
 3.1486790      6.4273330    
 3.1410430      6.8963990    
 4.5713930      3.1440610    
 3.8769610      1.5534330    
 8.6405180      1.9420690    
 1.4381660      1.1423510    
 1.6374340      2.7848270    
 3.8695030      5.4977750    
 4.7307040      2.8123230    
 6.0722310      1.5551630    
 6.4526470      1.8809830    
 4.0054120      1.9804600    
 2.5841130      2.9282340    
 2.7538790      6.2732980    
 3.6892860      2.9553100    
 3.7430040      6.6844210    
 5.1068950      1.6444930    
 3.0191050      5.9862140    
 .64380400      3.3161640    
 1.2331240      6.6925570    
 .24785490      1.4612030    
 2.2515950      5.1426770    
 4.0546260      .58289200    
 3.4626900      5.8940810    
 2.3136280      1.2001310    
 2.7208140      6.5644730    
 3.3198580      7.1460680    
 5.3947070      4.9719560    
 9.4990770      2.2154370    
 5.1994190      2.3463310    
 2.0969590      1.7653650    
 5.7096600      1.1242860    
 3.9303740      1.1734250    
 3.6215960      5.2523970    
 5.7362140      1.9041550    
 5.8278140      1.3975160    
 3.9719390      2.1740820    
 2.6127020      5.1026150    
 2.9356820      6.3898270    
 3.0272510      5.7352910    
 3.6709580      6.5999630    
 4.4128210      5.4304730    
 3.3888980      6.2145300    
 2.6503590      6.0081270    
 2.1299800      6.6483880    
 1.8847590      5.2105380    
 3.3370540      3.2963480    
 4.7732660      2.7585840    
 2.8338930      1.1958040    
 1.9912250      5.3155330    
 2.3241160      6.6266850    
 3.4178930      7.1779550    
 4.5819150      1.6367960    
 6.1326130      1.4350780    
 4.5451290      2.7558540    
 3.5096320      1.4294970    
 7.1526680      1.9881700    
 4.5591090      1.7644420    
 1.0283960      1.6459740    
 5.5671510      1.3571950    
 8.2968200      1.7208470    
 4.0449060      1.1722830    
 2.4006770      3.7406060    
 2.7781500      6.3950630    
 2.4471580      1.8398750    
 3.3022720      6.4901680    
 5.2387970      1.4655570    
 4.0957060      6.1684810    
 4.3648760      2.7963060    
 3.0369830      6.5187740    
 3.2855410      1.4181510    
 6.7792800      2.3365870    
 7.7456460      1.6233010    
 2.7277150      2.6852480    
 .49367920      1.7699150    
 2.1126480      6.6496490    
 3.4991970      7.2756480    
 5.2312180      5.4104940    
 5.9434010      1.4991320    
 5.5392910      1.9387750    
 5.0159990      1.3854140    
 5.1306010      1.7377530    
 3.5156910      1.7174540    
 3.3900300      5.0327600    
 3.3867620      1.9955170    
 7.3449780      1.4739910    
 5.5974500      1.4195960    
 3.3785220      5.3937270    
 2.4793330      6.2214940    
 1.5758310      5.5250100    
 2.8926420      6.3308720    
 4.3138920      5.4818570    
 4.1760810      6.1911480    
 4.1874730      5.5766200    
 3.6409600      6.3560510    
 3.9841270      4.8797040    
 6.8418070      2.3124900    
 7.1331280      1.4335410    
 4.7237990      1.5204230    
 2.3755810      5.3766880    
 1.8953940      6.4948030    
 3.4133530      7.3754350    
 5.7876080      .58560240    
 4.8556750      5.6745830    
 4.8232690      .58436390    
 4.4463850      5.6946230    
 4.3782710      1.6337690    
 3.0006550      5.3142380    
 3.6856080      2.4386120    
 8.9636290      1.9372180    
 8.0443040      1.7912180    
 6.4710980      2.1041250    
 2.9417980      1.4098120    
 2.1833400      5.1153750    
 .24658940      1.6209060    
 2.7129900      6.3582450    
 4.5611470      1.4667580    
 3.7529990      6.4297740    
 4.3911110      1.6421610    
 3.5487840      6.1703460    
 3.5453310      2.6134560    
 4.2621350      5.4413920    
 3.5534220      1.1578780    
 3.3743010      5.7496800    
 3.4923060      1.8427020    
 1.6136780      6.1629360    
 3.2894210      7.3252260    
 3.6536680      5.2218010    
 3.3899640      6.2898590    
 3.0563900      5.3885390    
 3.4115110      6.2490610    
 2.8632810      5.1228850    
 1.4838430      1.9583840    
 .79145360      1.1636550    
 5.1848870      1.2946320    
 8.9639630      .57417790    
 4.5435280      1.9347340    
 6.8917400      2.1760000    
 1.4330180      2.7798860    
 1.5220150      4.9324240    
 2.5511260      6.4591370    
 2.6680870      5.5111060    
 2.9649580      6.4333480    
 3.4405340      5.7226450    
 2.9111870      6.3099160    
 2.7614760      5.4679180    
 3.1189980      6.0638580    
 3.0446040      5.3224430    
 3.1478440      6.0543260    
 2.9300930      5.7712340    
 1.6930920      6.2897870    
 2.6182790      7.1933050    
 1.9342610      2.3336260    
 2.2031420      6.1762090    
 1.7457980      2.9226050    
 2.5865710      5.5017470    
 2.3483400      2.8297550    
 2.0031280      2.6863550    
 6.7779870      2.9279080    
 8.0116330      1.1457650    
 9.4471360      1.4882370    
 5.2757420      2.5273620    
 5.5914280      1.9302190    
 .55701150      1.8567900    
 2.1844650      2.9389600    
 2.0812040      6.4705770    
 .97752210      1.4685750    
 2.3479060      6.2507700    
 3.1344340      2.7874550    
 2.1624440      6.5310790    
 1.3434150      1.6394670    
 2.4671290      5.5116200    
 2.4021850      1.5129290    
 2.7270030      5.3513640    
 3.2443080      1.1997600    
 1.6674640      6.3133510    
 1.9561080      7.3485420    
 1.4725800      5.9697480    
 1.7113840      6.1413750    
 2.3527460      5.3052970    
 2.8386140      2.6790050    
 4.1784110      2.0932980    
 5.5544950      1.5605570    
 6.2872060      1.4441860    
 6.1427330      2.2690790    
 6.4270450      .55752220    
 5.0291680      3.0865440    
 2.2239340      1.4627900    
 1.0090360      1.1546170    
 1.7898870      5.4125330    
 1.5038430      6.3558530    
 1.1366800      5.9010500    
 1.7491930      6.2233320    
 1.7319610      5.7731220    
 1.8447260      6.4015490    
 2.8566240      5.2035740    
 2.7313170      1.3962620    
 4.3746500      .58077530    
 2.2349990      2.1782630    
 3.0187830      4.7103780    
 1.4129450      6.3918010    
 1.7641420      7.5405880    
 .53401940      1.5470850    
 2.1696140      5.9970140    
 3.3500170      2.7131860    
 3.5528490      3.0495880    
 7.5353780      1.4367700    
 14.119170      1.1430700    
 7.0336480      2.0830780    
 1.9381730      2.1144730    
 5.3019320      3.1416100    
 3.5478910      6.0191880    
 .53655510      2.2876380    
 1.0131930      5.6628870    
 1.6895610      2.2071540    
 1.0810230      6.4023690    
 .19146160      1.2027810    
 1.3286810      6.4495370    
 .23121880      1.5395660    
 2.2079030      6.2195210    
 4.6593800      2.0415750    
 6.0273840      .57070990    
 5.2787010      2.2647800    
 5.2893140      .58007710    
 2.7135510      3.7121070    
 1.0779860      6.2354660    
 1.9105440      7.5352050    
 2.0888930      5.5079640    
 2.7530340      6.2233100    
 3.5857390      3.4624150    
 6.3763700      1.4977100    
 8.8302970      .57030850    
 8.8950790      1.9275050    
 8.1943890      1.3965550    
 6.4203280      2.4755790    
 3.4393440      4.9511740    
 1.9503610      6.5009000    
 .82258030      5.6938820    
 .85467210      6.3373210    
 1.0684860      5.7149310    
 1.0088500      6.2645850    
 1.0669310      5.0678270    
 1.1825210      6.5589120    
 1.3459170      5.7557670    
 2.6366530      6.2841740    
 3.8214060      5.1148140    
 4.0995210      2.5173660    
 2.9816680      2.8679150    
 3.0791460      1.5006690    
 1.5003020      5.4409150    
 .87175070      6.3436680    
 2.2899740      7.4276070    
 3.7961080      .58642970    
 2.9126990      6.3811170    
 2.9770280      1.1619410    
 9.5189970      1.4582330    
 9.5148660      1.9748430    
 8.5250190      1.4080020    
 6.7209550      2.0178880    
 5.7130250      2.0544190    
 1.5475430      1.8465050    
 .76706960      6.6448880    
 .27766990      1.6484660    
 .64282490      6.4714790    
 .34039770      1.6435270    
 .94326810      6.2301820    
 1.6348240      2.3391840    
 1.0925920      6.6046510    
 1.8896870      2.0099170    
 2.6713540      6.2958230    
 3.0985210      1.4608960    
 2.5806420      5.6355690    
 1.5469060      2.9192690    
 1.6232680      5.7337570    
 .24416380      2.3388820    
 1.3543320      6.4896270    
 2.4795210      7.2343020    
 2.4835360      4.9410470    
 2.3451350      6.5105530    
 2.7704100      3.8266360    
 9.9210550      1.5171640    
 8.6458680      1.7526060    
 10.661280      2.6801400    
 4.4578520      1.6546440    
 2.0349940      1.6855620    
 1.0155260      4.9917770    
 .52507250      6.7400530    
 .40698610      5.9676590    
 .51554430      6.4034350    
 .51568110      5.7603060    
 .91904400      6.4460560    
 1.0457090      5.9591580    
 1.0999550      6.2783970    
 1.7922980      5.3000040    
 2.1806280      6.3201730    
 1.7405690      5.3832390    
 1.4758450      6.2884650    
 1.2420060      5.8938160    
 1.1195320      6.4866770    
 1.1415990      6.1338500    
 2.2843130      6.3868690    
 2.3693220      6.8486330    
 1.7675310      3.7414900    
 1.9355490      6.2517980    
 2.3130970      2.1144750    
 9.4116330      .57078180    
 9.2792870      2.3952010    
 14.655770      1.1315180    
 8.8074970      1.0766480    
 2.3075090      2.1397630    
 .17736170      2.9608090    
 .29474520      6.7203990    
 .12630890      2.0137590    
 .46449460      6.1983570    
 .15803070      1.7630840    
 1.0137570      6.5872210    
 .20569780      1.5400250    
 1.5171680      5.0435710    
 1.2866170      1.7382730    
 2.0262920      5.7588620    
 .37873440      1.4610790    
 1.3830760      6.2711840    
 .87846100      2.7972650    
 1.6270780      6.6707500    
 1.4211370      2.0158400    
 3.1793100      6.2674290    
 2.1480950      7.1600260    
 1.9331540      5.6298740    
 1.7460440      6.3904540    
 2.2274140      4.1076050    
 6.4290620      .57456920    
 9.9499400      1.9689070    
 10.079320      1.7801050    
 5.0842600      1.7936090    
 .44013760      1.4767230    
 .22650600      5.9181670    
 .10492660      6.5253160    
 .30347170      4.8053310    
 .48941310      6.1885420    
 .83440020      5.1683720    
 1.6763220      6.4372770    
 2.1029660      4.5897360    
 2.6921750      3.2687130    
 3.9616440      2.1215700    
 1.6462370      2.6871800    
 1.9281320      5.4738840    
 1.5618210      6.3642900    
 1.8850520      5.8560220    
 3.0128000      6.3883810    
 3.5100820      4.9072630    
 3.8259340      6.1402190    
 2.0666790      7.1852250    
 1.7655160      2.3397110    
 1.5681150      6.5259900    
 .62230540      1.6374140    
 6.2580700      2.7611690    
 9.3612400      1.1330690    
 5.1913230      2.9054590    
 .82470820      2.8757960    
 .39551910      5.8238480    
 .30534510E-01  1.2028700    
 .43482790      6.3822520    
 .34101650      2.3006140    
 .97984240      6.0893050    
 1.6535170      3.2774730    
 3.2802800      5.5233330    
 3.5681040      3.2179690    
 5.2827180      2.0324370    
 6.1661630      .56798080    
 3.6504980      2.5419480    
 2.9708060      2.9755650    
 2.0822730      6.5459050    
 2.5945100      1.2038730    
 5.1894320      5.0766880    
 4.9545310      2.0866060    
 4.1489990      5.5327970    
 2.0158510      7.3336160    
 1.4222790      6.0755360    
 1.4525270      6.4904200    
 3.1154130      4.1999440    
 6.0835680      1.6142210    
 5.9179370      1.1210620    
 1.5693450      1.5055420    
 .64988170      5.3324340    
 .14840130      6.4159280    
 .19887920      5.3742880    
 .67511030      6.3920780    
 1.0256800      5.7433480    
 1.7162540      6.3826740    
 3.4676440      5.8527790    
 5.2397620      1.7516850    
 4.2850450      1.9973960    
 5.6547430      2.0447000    
 4.2118050      1.6858020    
 3.4184890      2.2808790    
 2.6074120      6.0123270    
 2.5896840      6.3597640    
 4.2569460      3.2201360    
 6.9541280      2.9700740    
 6.1732440      1.1003840    
 4.0025590      1.7700450    
 1.8129330      7.4572380    
 .88446610      1.2052900    
 1.4145160      6.0725100    
 2.5477350      3.1740150    
 4.5563520      5.5018470    
 3.8947290      1.7073920    
 1.7327980      5.6394210    
 .53657770E-01  2.3334870    
 .12134220      6.5518320    
 .34311290E-01  .58662280    
 .75241320      6.3697370    
 1.7226540      1.8366940    
 2.3318430      6.5379020    
 5.1090750      1.1957180    
 4.9757590      1.3727770    
 5.0762640      2.0322860    
 4.4036900      3.4640820    
 1.7715600      .58448810    
 2.2052210      6.1580460    
 1.9020770      2.0095220    
 2.8846050      6.2742430    
 5.3276820      2.2143320    
 5.3029160      3.1473780    
 6.1187380      2.4902220    
 4.3239060      2.6865970    
 1.6970510      7.4483510    
 1.0999450      5.4966170    
 1.4468280      6.1998350    
 2.1951210      5.7419140    
 3.6988440      6.0247340    
 3.8801160      5.4745410    
 1.9437070      5.9978180    
 .45344410      5.6531230    
 .19725660      6.4776120    
 .32476950      5.2139860    
 .74109980      6.4190360    
 1.2219550      5.3599690    
 2.3762920      6.5006540    
 3.0187110      4.9393390    
 1.4426510      1.4973530    
 3.2144840      1.1724180    
 1.8391590      1.9540980    
 1.2697850      5.0829530    
 1.6629940      6.4875770    
 1.8200940      4.8171650    
 2.7364350      6.4781290    
 3.5069010      5.6963590    
 3.5711440      1.9448750    
 3.3905620      1.5821350    
 1.7200500      1.4541310    
 1.5642740      7.5175090    
 .90682180      1.5437880    
 1.1707710      6.3195820    
 .68218150      .58538140    
 3.7361790      5.4373750    
 3.7726490      1.4996370    
 1.9712890      4.8830890    
 .17246770      2.9462700    
 .10771920      6.1185140    
 .22470140      3.2893270    
 .67201770      6.4067500    
 .57246200      2.3264430    
 2.0622070      6.5471950    
 1.2407310      2.1997260    
 1.8199420      5.6245290    
 2.1342550      1.7070800    
 1.3547880      5.4429660    
 .46560760      2.3355090    
 1.5634660      6.5555500    
 1.5253400      2.3058100    
 2.0463830      6.6254290    
 1.8079730      1.5389420    
 2.4584170      5.4772320    
 1.3354290      1.6406900    
 1.5231250      5.8063110    
 1.6888030      7.4982280    
 1.1260930      5.2964490    
 1.1299830      6.3813340    
 1.6836270      4.4313000    
 6.7085670      2.5687110    
 6.8802840      1.3481580    
 2.6424300      2.5717810    
 .76834610      5.2742530    
 .24946710      6.1247980    
 .38010910      5.4963680    
 .87149820      6.4584410    
 1.4949600      5.1745680    
 1.8049030      6.5140690    
 1.5598180      5.3511830    
 1.5155260      6.2774450    
 1.5187770      5.5391540    
 1.2040770      6.2958780    
 1.6070240      5.9057570    
 1.6283300      6.5980110    
 1.4831360      5.7897560    
 1.6211780      6.5024540    
 1.5859900      4.8246990    
 1.5118280      6.4734680    
 1.0454000      5.3019060    
 1.0545210      6.0903180    
 1.8427600      7.4038440    
 1.2781460      1.4642320    
 1.7262800      6.5358830    
 3.1379080      1.6443340    
 8.2375000      1.8861990    
 7.7460530      1.8872380    
 4.3319370      2.7817720    
 .25888510      2.1777320    
 .16241650      5.9709120    
 .37328090      3.2851550    
 1.2358270      6.4074610    
 1.9397270      2.9727910    
 1.8465080      6.2166380    
 1.5299910      3.2891100    
 1.3261880      6.3743780    
 .90554730      1.7608260    
 1.5720470      6.2536060    
 2.4624780      2.7940650    
 1.4625530      6.5023710    
 .95552270      1.8378920    
 1.1340090      6.1191430    
 1.2234510      3.7479760    
 1.0707260      6.7315940    
 .35171850      2.2180230    
 .72923780      6.0769350    
 1.9830760      7.2493820    
 1.6550980      5.0790640    
 2.3865630      6.7464020    
 4.7314520      4.4856870    
 7.2881990      2.0508460    
 4.8122250      2.7147000    
 1.5281130      1.7371090    
 .49609910      5.3225190    
 .31924000      6.1033020    
 .76726880      5.1986380    
 1.6916830      6.6895190    
 2.1822820      6.2492220    
 2.0265530      6.2974310    
 1.3069050      5.5324080    
 1.1416470      6.2100210    
 1.1812430      5.5555520    
 1.6901550      6.2911620    
 1.4892030      5.5362580    
 1.2043610      6.5174260    
 .71675430      5.5913690    
 1.0224720      6.3563630    
 .83455770      5.6016930    
 .89274780      6.8015830    
 .51558860      5.9997040    
 .63245460      6.2883250    
 2.1029590      6.8811020    
 1.9201420      3.8863070    
 2.5830620      7.0759480    
 2.4850220      1.6620240    
 4.3777020      5.7463080    
 1.9656030      1.5245980    
 .95816770      5.9727220    
 .20377730      2.2455170    
 .71776010      6.2314070    
 1.1263170      3.8860450    
 2.1040720      7.1321980    
 2.6149670      2.0270110    
 2.0035680      6.5879290    
 .92203810      2.2481940    
 1.2129670      6.3458570    
 1.1928060      2.8105130    
 1.5107610      6.4086990    
 .63268460      2.9934250    
 1.0013120      6.7176160    
 .21929960      1.8521630    
 .98410610      6.3848220    
 .60218920      3.3930430    
 .96867220      7.0297920    
 .10343500      1.2045900    
 .78976450      6.6888200    
